# JRE version: OpenJDK Runtime Environment (8.0_212) (build 1.8.0_212-release-1586-b4-5784211)
# Java VM: OpenJDK 64-Bit Server VM (25.212-b4-5784211 mixed mode linux-amd64 compressed oops)
Heap:
 PSYoungGen      total 136192K, used 28036K [0x00000000f5580000, 0x0000000100000000, 0x0000000100000000)
  eden space 96768K, 17% used [0x00000000f5580000,0x00000000f65b7ec0,0x00000000fb400000)
  from space 39424K, 28% used [0x00000000fd980000,0x00000000fe4a94c8,0x0000000100000000)
  to   space 38400K, 0% used [0x00000000fb400000,0x00000000fb400000,0x00000000fd980000)
 ParOldGen       total 349696K, used 127646K [0x00000000e0000000, 0x00000000f5580000, 0x00000000f5580000)
  object space 349696K, 36% used [0x00000000e0000000,0x00000000e7ca7a40,0x00000000f5580000)
 Metaspace       used 103430K, capacity 111592K, committed 111872K, reserved 1146880K
  class space    used 13510K, capacity 15195K, committed 15360K, reserved 1048576K
GC Heap History (10 events):
Event: 1073.423 GC heap before
{Heap before GC invocations=50 (full 4):
 PSYoungGen      total 142336K, used 119535K [0x00000000f5580000, 0x0000000100000000, 0x0000000100000000)
  eden space 110080K, 100% used [0x00000000f5580000,0x00000000fc100000,0x00000000fc100000)
  from space 32256K, 29% used [0x00000000fc100000,0x00000000fca3bda8,0x00000000fe080000)
  to   space 31232K, 0% used [0x00000000fe180000,0x00000000fe180000,0x0000000100000000)
 ParOldGen       total 349696K, used 117334K [0x00000000e0000000, 0x00000000f5580000, 0x00000000f5580000)
  object space 349696K, 33% used [0x00000000e0000000,0x00000000e7295a58,0x00000000f5580000)
 Metaspace       used 94858K, capacity 101502K, committed 103552K, reserved 1138688K
  class space    used 12172K, capacity 13582K, committed 13952K, reserved 1048576K
Event: 1073.433 GC heap after
Heap after GC invocations=50 (full 4):
 PSYoungGen      total 138240K, used 13272K [0x00000000f5580000, 0x00000000ffc00000, 0x0000000100000000)
  eden space 111104K, 0% used [0x00000000f5580000,0x00000000f5580000,0x00000000fc200000)
  from space 27136K, 48% used [0x00000000fe180000,0x00000000fee76190,0x00000000ffc00000)
  to   space 29696K, 0% used [0x00000000fc200000,0x00000000fc200000,0x00000000fdf00000)
 ParOldGen       total 349696K, used 117342K [0x00000000e0000000, 0x00000000f5580000, 0x00000000f5580000)
  object space 349696K, 33% used [0x00000000e0000000,0x00000000e7297a58,0x00000000f5580000)
 Metaspace       used 94858K, capacity 101502K, committed 103552K, reserved 1138688K
  class space    used 12172K, capacity 13582K, committed 13952K, reserved 1048576K
}
Event: 1074.447 GC heap before
{Heap before GC invocations=51 (full 4):
 PSYoungGen      total 138240K, used 124376K [0x00000000f5580000, 0x00000000ffc00000, 0x0000000100000000)
  eden space 111104K, 100% used [0x00000000f5580000,0x00000000fc200000,0x00000000fc200000)
  from space 27136K, 48% used [0x00000000fe180000,0x00000000fee76190,0x00000000ffc00000)
  to   space 29696K, 0% used [0x00000000fc200000,0x00000000fc200000,0x00000000fdf00000)
 ParOldGen       total 349696K, used 117342K [0x00000000e0000000, 0x00000000f5580000, 0x00000000f5580000)
  object space 349696K, 33% used [0x00000000e0000000,0x00000000e7297a58,0x00000000f5580000)
 Metaspace       used 100093K, capacity 107614K, committed 108288K, reserved 1142784K
  class space    used 13093K, capacity 14734K, committed 14848K, reserved 1048576K
Event: 1074.466 GC heap after
Heap after GC invocations=51 (full 4):
 PSYoungGen      total 140800K, used 28516K [0x00000000f5580000, 0x0000000100000000, 0x0000000100000000)
  eden space 111104K, 0% used [0x00000000f5580000,0x00000000f5580000,0x00000000fc200000)
  from space 29696K, 96% used [0x00000000fc200000,0x00000000fddd9150,0x00000000fdf00000)
  to   space 33280K, 0% used [0x00000000fdf80000,0x00000000fdf80000,0x0000000100000000)
 ParOldGen       total 349696K, used 117350K [0x00000000e0000000, 0x00000000f5580000, 0x00000000f5580000)
  object space 349696K, 33% used [0x00000000e0000000,0x00000000e7299a58,0x00000000f5580000)
 Metaspace       used 100093K, capacity 107614K, committed 108288K, reserved 1142784K
  class space    used 13093K, capacity 14734K, committed 14848K, reserved 1048576K
}
Event: 1074.942 GC heap before
{Heap before GC invocations=52 (full 4):
 PSYoungGen      total 140800K, used 139620K [0x00000000f5580000, 0x0000000100000000, 0x0000000100000000)
  eden space 111104K, 100% used [0x00000000f5580000,0x00000000fc200000,0x00000000fc200000)
  from space 29696K, 96% used [0x00000000fc200000,0x00000000fddd9150,0x00000000fdf00000)
  to   space 33280K, 0% used [0x00000000fdf80000,0x00000000fdf80000,0x0000000100000000)
 ParOldGen       total 349696K, used 117350K [0x00000000e0000000, 0x00000000f5580000, 0x00000000f5580000)
  object space 349696K, 33% used [0x00000000e0000000,0x00000000e7299a58,0x00000000f5580000)
 Metaspace       used 102684K, capacity 110720K, committed 110976K, reserved 1144832K
  class space    used 13471K, capacity 15151K, committed 15232K, reserved 1048576K
Event: 1074.974 GC heap after
Heap after GC invocations=52 (full 4):
 PSYoungGen      total 132096K, used 32324K [0x00000000f5580000, 0x0000000100000000, 0x0000000100000000)
  eden space 98816K, 0% used [0x00000000f5580000,0x00000000f5580000,0x00000000fb600000)
  from space 33280K, 97% used [0x00000000fdf80000,0x00000000fff11390,0x0000000100000000)
  to   space 37888K, 0% used [0x00000000fb600000,0x00000000fb600000,0x00000000fdb00000)
 ParOldGen       total 349696K, used 117358K [0x00000000e0000000, 0x00000000f5580000, 0x00000000f5580000)
  object space 349696K, 33% used [0x00000000e0000000,0x00000000e729ba58,0x00000000f5580000)
 Metaspace       used 102684K, capacity 110720K, committed 110976K, reserved 1144832K
  class space    used 13471K, capacity 15151K, committed 15232K, reserved 1048576K
}
Event: 1075.279 GC heap before
{Heap before GC invocations=53 (full 4):
 PSYoungGen      total 132096K, used 131140K [0x00000000f5580000, 0x0000000100000000, 0x0000000100000000)
  eden space 98816K, 100% used [0x00000000f5580000,0x00000000fb600000,0x00000000fb600000)
  from space 33280K, 97% used [0x00000000fdf80000,0x00000000fff11390,0x0000000100000000)
  to   space 37888K, 0% used [0x00000000fb600000,0x00000000fb600000,0x00000000fdb00000)
 ParOldGen       total 349696K, used 117358K [0x00000000e0000000, 0x00000000f5580000, 0x00000000f5580000)
  object space 349696K, 33% used [0x00000000e0000000,0x00000000e729ba58,0x00000000f5580000)
 Metaspace       used 102855K, capacity 110920K, committed 111232K, reserved 1144832K
  class space    used 13474K, capacity 15153K, committed 15232K, reserved 1048576K
Event: 1075.303 GC heap after
Heap after GC invocations=53 (full 4):
 PSYoungGen      total 124928K, used 25667K [0x00000000f5580000, 0x0000000100000000, 0x0000000100000000)
  eden space 98816K, 0% used [0x00000000f5580000,0x00000000f5580000,0x00000000fb600000)
  from space 26112K, 98% used [0x00000000fb600000,0x00000000fcf10f50,0x00000000fcf80000)
  to   space 39424K, 0% used [0x00000000fd980000,0x00000000fd980000,0x0000000100000000)
 ParOldGen       total 349696K, used 119267K [0x00000000e0000000, 0x00000000f5580000, 0x00000000f5580000)
  object space 349696K, 34% used [0x00000000e0000000,0x00000000e7478df0,0x00000000f5580000)
 Metaspace       used 102855K, capacity 110920K, committed 111232K, reserved 1144832K
  class space    used 13474K, capacity 15153K, committed 15232K, reserved 1048576K
}
Event: 1075.842 GC heap before
{Heap before GC invocations=54 (full 4):
 PSYoungGen      total 124928K, used 124483K [0x00000000f5580000, 0x0000000100000000, 0x0000000100000000)
  eden space 98816K, 100% used [0x00000000f5580000,0x00000000fb600000,0x00000000fb600000)
  from space 26112K, 98% used [0x00000000fb600000,0x00000000fcf10f50,0x00000000fcf80000)
  to   space 39424K, 0% used [0x00000000fd980000,0x00000000fd980000,0x0000000100000000)
 ParOldGen       total 349696K, used 119267K [0x00000000e0000000, 0x00000000f5580000, 0x00000000f5580000)
  object space 349696K, 34% used [0x00000000e0000000,0x00000000e7478df0,0x00000000f5580000)
 Metaspace       used 103271K, capacity 111352K, committed 111616K, reserved 1144832K
  class space    used 13487K, capacity 15185K, committed 15360K, reserved 1048576K
Event: 1075.858 GC heap after
Heap after GC invocations=54 (full 4):
 PSYoungGen      total 136192K, used 11429K [0x00000000f5580000, 0x0000000100000000, 0x0000000100000000)
  eden space 96768K, 0% used [0x00000000f5580000,0x00000000f5580000,0x00000000fb400000)
  from space 39424K, 28% used [0x00000000fd980000,0x00000000fe4a94c8,0x0000000100000000)
  to   space 38400K, 0% used [0x00000000fb400000,0x00000000fb400000,0x00000000fd980000)
 ParOldGen       total 349696K, used 127646K [0x00000000e0000000, 0x00000000f5580000, 0x00000000f5580000)
  object space 349696K, 36% used [0x00000000e0000000,0x00000000e7ca7a40,0x00000000f5580000)
 Metaspace       used 103271K, capacity 111352K, committed 111616K, reserved 1144832K
  class space    used 13487K, capacity 15185K, committed 15360K, reserved 1048576K
}

